<?xml version="1.0" encoding="utf-8"?><testsuites name="pytest tests"><testsuite name="pytest" errors="0" failures="0" skipped="0" tests="17" time="34.405" timestamp="2026-06-22T15:59:12.647813+00:00" hostname="agent-env-23a9430a-33d0-4114-b1c0-9570315a480c"><testcase classname="backend.tests.test_taxlens.TestAuth" name="test_register" time="0.569" /><testcase classname="backend.tests.test_taxlens.TestAuth" name="test_register_duplicate" time="0.060" /><testcase classname="backend.tests.test_taxlens.TestAuth" name="test_login_existing" time="0.280" /><testcase classname="backend.tests.test_taxlens.TestAuth" name="test_login_invalid" time="0.280" /><testcase classname="backend.tests.test_taxlens.TestAuth" name="test_me_bearer" time="0.111" /><testcase classname="backend.tests.test_taxlens.TestAuth" name="test_me_unauth" time="0.139" /><testcase classname="backend.tests.test_taxlens.TestAuth" name="test_change_password" time="0.926" /><testcase classname="backend.tests.test_taxlens.TestAuth" name="test_logout" time="0.104" /><testcase classname="backend.tests.test_taxlens.TestReturns" name="test_analyze_pdf" time="29.944" /><testcase classname="backend.tests.test_taxlens.TestReturns" name="test_list_returns" time="0.184" /><testcase classname="backend.tests.test_taxlens.TestReturns" name="test_get_return" time="0.108" /><testcase classname="backend.tests.test_taxlens.TestReturns" name="test_cross_user_isolation" time="0.139" /><testcase classname="backend.tests.test_taxlens.TestReturns" name="test_delete_return" time="0.253" /><testcase classname="backend.tests.test_taxlens.TestBilling" name="test_plans" time="0.096" /><testcase classname="backend.tests.test_taxlens.TestBilling" name="test_checkout_creates_session" time="0.791" /><testcase classname="backend.tests.test_taxlens.TestBilling" name="test_checkout_invalid_plan" time="0.098" /><testcase classname="backend.tests.test_taxlens" name="test_zz_cleanup_account" time="0.097" /></testsuite></testsuites>