<?xml version="1.0" encoding="utf-8"?><testsuites name="pytest tests"><testsuite name="pytest" errors="0" failures="0" skipped="0" tests="21" time="58.838" timestamp="2026-06-22T16:30:45.100655+00:00" hostname="agent-env-23a9430a-33d0-4114-b1c0-9570315a480c"><testcase classname="backend.tests.test_taxlens.TestAuth" name="test_register" time="0.506" /><testcase classname="backend.tests.test_taxlens.TestAuth" name="test_register_duplicate" time="0.058" /><testcase classname="backend.tests.test_taxlens.TestAuth" name="test_login_existing" time="0.291" /><testcase classname="backend.tests.test_taxlens.TestAuth" name="test_login_invalid" time="0.282" /><testcase classname="backend.tests.test_taxlens.TestAuth" name="test_me_bearer" time="0.144" /><testcase classname="backend.tests.test_taxlens.TestAuth" name="test_me_unauth" time="0.108" /><testcase classname="backend.tests.test_taxlens.TestAuth" name="test_change_password" time="0.902" /><testcase classname="backend.tests.test_taxlens.TestAuth" name="test_logout" time="0.114" /><testcase classname="backend.tests.test_taxlens.TestReturns" name="test_analyze_pdf" time="54.016" /><testcase classname="backend.tests.test_taxlens.TestReturns" name="test_list_returns" time="0.191" /><testcase classname="backend.tests.test_taxlens.TestReturns" name="test_get_return" time="0.120" /><testcase classname="backend.tests.test_taxlens.TestReturns" name="test_grounding_correctness" time="0.000" /><testcase classname="backend.tests.test_taxlens.TestReturns" name="test_pdf_download_success" time="0.141" /><testcase classname="backend.tests.test_taxlens.TestReturns" name="test_pdf_download_unauthenticated" time="0.101" /><testcase classname="backend.tests.test_taxlens.TestReturns" name="test_pdf_download_cross_user" time="0.103" /><testcase classname="backend.tests.test_taxlens.TestReturns" name="test_cross_user_isolation" time="0.141" /><testcase classname="backend.tests.test_taxlens.TestReturns" name="test_delete_return" time="0.210" /><testcase classname="backend.tests.test_taxlens.TestBilling" name="test_plans" time="0.097" /><testcase classname="backend.tests.test_taxlens.TestBilling" name="test_checkout_creates_session" time="0.892" /><testcase classname="backend.tests.test_taxlens.TestBilling" name="test_checkout_invalid_plan" time="0.160" /><testcase classname="backend.tests.test_taxlens" name="test_zz_cleanup_account" time="0.152" /></testsuite></testsuites>